#
# There is insufficient memory for the Java Runtime Environment to continue.
# Native memory allocation (mmap) failed to map 268435456 bytes for Failed to commit area from 0x0000000701e00000 to 0x0000000711e00000 of length 268435456.
# Possible reasons:
#   The system is out of physical RAM or swap space
#   The process is running with CompressedOops enabled, and the Java Heap may be blocking the growth of the native heap
# Possible solutions:
#   Reduce memory load on the system
#   Increase physical memory or swap space
#   Check if swap backing store is full
#   Decrease Java heap size (-Xmx/-Xms)
#   Decrease number of Java threads
#   Decrease Java thread stack sizes (-Xss)
#   Set larger code cache with -XX:ReservedCodeCacheSize=
# This output file may be truncated or incomplete.
#
#  Out of Memory Error (c:/BuildAgent/work/5ff2f6c26000d570/src/hotspot/os/windows/os_windows.cpp:3281), pid=28504, tid=22092
#
# JRE version:  (11.0.4+10) (build )
# Java VM: OpenJDK 64-Bit Server VM (11.0.4+10-b304.77, mixed mode, aot, sharing, tiered, compressed oops, g1 gc, windows-amd64)
# No core dump will be written. Minidumps are not enabled by default on client versions of Windows
#

---------------  S U M M A R Y ------------

Command Line: org.jetbrains.git4idea.http.GitAskPassApp Username for 'https://github.com': 

Host: Intel(R) Core(TM) i7-8650U CPU @ 1.90GHz, 8 cores, 15G,  Windows 10 , 64 bit Build 17763 (10.0.17763.475)
Time: Fri Nov 15 14:01:18 2019 GMT Standard Time elapsed time: 0 seconds (0d 0h 0m 0s)

---------------  T H R E A D  ---------------

Current thread (0x000001e47cdf7800):  JavaThread "Unknown thread" [_thread_in_vm, id=22092, stack(0x000000d791900000,0x000000d791a00000)]

Stack: [0x000000d791900000,0x000000d791a00000]
Native frames: (J=compiled Java code, j=interpreted, Vv=VM code, C=native code)
V  [jvm.dll+0x5db31a]
V  [jvm.dll+0x70c395]
V  [jvm.dll+0x70d8b8]
V  [jvm.dll+0x70df83]
V  [jvm.dll+0x23dbb8]
V  [jvm.dll+0x5d8a74]
V  [jvm.dll+0x5cdb05]
V  [jvm.dll+0x2fa5bb]
V  [jvm.dll+0x2fa52a]
V  [jvm.dll+0x2fa402]
V  [jvm.dll+0x2ff2c6]
V  [jvm.dll+0x347893]
V  [jvm.dll+0x347f96]
V  [jvm.dll+0x347993]
V  [jvm.dll+0x2d4e28]
V  [jvm.dll+0x2d5fd7]
V  [jvm.dll+0x6eb717]
V  [jvm.dll+0x6ecf0c]
V  [jvm.dll+0x354fb9]
V  [jvm.dll+0x6d35be]
V  [jvm.dll+0x3bd673]
V  [jvm.dll+0x3bf9f1]
C  [java.exe+0x3763]
C  [java.exe+0x17a0c]
C  [KERNEL32.DLL+0x17974]
C  [ntdll.dll+0x6a271]


---------------  P R O C E S S  ---------------

Threads class SMR info:
_java_thread_list=0x000001e47b487560, length=0, elements={
}

Java Threads: ( => current thread )

Other Threads:
  0x000001e47ce0e800 GCTaskThread "GC Thread#0" [stack: 0x000000d791a00000,0x000000d791b00000] [id=824]
  0x000001e47ce6b000 ConcurrentGCThread "G1 Main Marker" [stack: 0x000000d791b00000,0x000000d791c00000] [id=12128]
  0x000001e47ce6c000 ConcurrentGCThread "G1 Conc#0" [stack: 0x000000d791c00000,0x000000d791d00000] [id=7432]

[error occurred during error reporting (printing all threads), id 0xc0000005, EXCEPTION_ACCESS_VIOLATION (0xc0000005) at pc=0x00007ffd2c185727]

VM state:not at safepoint (not fully initialized)

VM Mutex/Monitor currently owned by a thread:  ([mutex/lock_event])
[0x000001e47cdf4250] Heap_lock - owner thread: 0x000001e47cdf7800

Heap address: 0x0000000701e00000, size: 4066 MB, Compressed Oops mode: Non-zero based: 0x0000000701e00000
Narrow klass base: 0x0000000000000000, Narrow klass shift: 0

GC Heap History (0 events):
No events

Deoptimization events (0 events):
No events

Classes redefined (0 events):
No events

Internal exceptions (0 events):
No events

Events (0 events):
No events


Dynamic libraries:
0x00007ff644400000 - 0x00007ff644447000 	C:\Program Files\JetBrains\IntelliJ IDEA 2019.2.3\jbr\bin\java.exe
0x00007ffdc0d20000 - 0x00007ffdc0f0d000 	C:\Windows\SYSTEM32\ntdll.dll
0x00007ffdbe5d0000 - 0x00007ffdbe683000 	C:\Windows\System32\KERNEL32.DLL
0x00007ffdbd980000 - 0x00007ffdbdc13000 	C:\Windows\System32\KERNELBASE.dll
0x00007ffdbe7b0000 - 0x00007ffdbe947000 	C:\Windows\System32\USER32.dll
0x00007ffdbd5f0000 - 0x00007ffdbd610000 	C:\Windows\System32\win32u.dll
0x00007ffdc03f0000 - 0x00007ffdc0419000 	C:\Windows\System32\GDI32.dll
0x00007ffdbdda0000 - 0x00007ffdbdf39000 	C:\Windows\System32\gdi32full.dll
0x00007ffdbd550000 - 0x00007ffdbd5f0000 	C:\Windows\System32\msvcp_win.dll
0x00007ffdbdca0000 - 0x00007ffdbdd9a000 	C:\Windows\System32\ucrtbase.dll
0x00007ffdac050000 - 0x00007ffdac2c9000 	C:\Windows\WinSxS\amd64_microsoft.windows.common-controls_6595b64144ccf1df_6.0.17763.864_none_05b3441807210760\COMCTL32.dll
0x00007ffdc0bb0000 - 0x00007ffdc0c4e000 	C:\Windows\System32\msvcrt.dll
0x00007ffdbe950000 - 0x00007ffdbec7c000 	C:\Windows\System32\combase.dll
0x00007ffdc06f0000 - 0x00007ffdc0812000 	C:\Windows\System32\RPCRT4.dll
0x00007ffdbdc20000 - 0x00007ffdbdc9e000 	C:\Windows\System32\bcryptPrimitives.dll
0x00007ffdc0b80000 - 0x00007ffdc0bae000 	C:\Windows\System32\IMM32.DLL
0x00007ffdad7a0000 - 0x00007ffdad7b7000 	C:\Program Files\JetBrains\IntelliJ IDEA 2019.2.3\jbr\bin\vcruntime140.dll
0x00007ffdac810000 - 0x00007ffdac8ad000 	C:\Program Files\JetBrains\IntelliJ IDEA 2019.2.3\jbr\bin\msvcp140.dll
0x00007ffd2bea0000 - 0x00007ffd2c958000 	C:\Program Files\JetBrains\IntelliJ IDEA 2019.2.3\jbr\bin\server\jvm.dll
0x00007ffdc0450000 - 0x00007ffdc04f3000 	C:\Windows\System32\ADVAPI32.dll
0x00007ffdc0c50000 - 0x00007ffdc0cee000 	C:\Windows\System32\sechost.dll
0x00007ffdc0820000 - 0x00007ffdc0828000 	C:\Windows\System32\PSAPI.DLL
0x00007ffdae1e0000 - 0x00007ffdae204000 	C:\Windows\SYSTEM32\WINMM.dll
0x00007ffda7340000 - 0x00007ffda7349000 	C:\Windows\SYSTEM32\WSOCK32.dll
0x00007ffdb70d0000 - 0x00007ffdb70da000 	C:\Windows\SYSTEM32\VERSION.dll
0x00007ffdbe690000 - 0x00007ffdbe6fd000 	C:\Windows\System32\WS2_32.dll
0x00007ffdadfa0000 - 0x00007ffdadfcd000 	C:\Windows\SYSTEM32\WINMMBASE.dll
0x00007ffdbd720000 - 0x00007ffdbd76a000 	C:\Windows\System32\cfgmgr32.dll
0x00007ffdbcd90000 - 0x00007ffdbcda1000 	C:\Windows\System32\kernel.appcore.dll
0x00007ffdb6d60000 - 0x00007ffdb6d71000 	C:\Program Files\JetBrains\IntelliJ IDEA 2019.2.3\jbr\bin\verify.dll
0x00007ffdb5fa0000 - 0x00007ffdb618d000 	C:\Windows\SYSTEM32\DBGHELP.DLL
0x00007ffdb5ee0000 - 0x00007ffdb5f0a000 	C:\Windows\SYSTEM32\dbgcore.DLL
0x00007ffdb6c70000 - 0x00007ffdb6c99000 	C:\Program Files\JetBrains\IntelliJ IDEA 2019.2.3\jbr\bin\java.dll
0x00007ffdb6d00000 - 0x00007ffdb6d17000 	C:\Program Files\JetBrains\IntelliJ IDEA 2019.2.3\jbr\bin\zip.dll
0x00007ffdb75b0000 - 0x00007ffdb75bb000 	C:\Program Files\JetBrains\IntelliJ IDEA 2019.2.3\jbr\bin\jimage.dll

dbghelp: loaded successfully - version: 4.0.5 - missing functions: none
symbol engine: initialized successfully - sym options: 0x614 - pdb path: .;C:\Program Files\JetBrains\IntelliJ IDEA 2019.2.3\jbr\bin;C:\Windows\SYSTEM32;C:\Windows\WinSxS\amd64_microsoft.windows.common-controls_6595b64144ccf1df_6.0.17763.864_none_05b3441807210760;C:\Program Files\JetBrains\IntelliJ IDEA 2019.2.3\jbr\bin\server

VM Arguments:
java_command: org.jetbrains.git4idea.http.GitAskPassApp Username for 'https://github.com': 
java_class_path (initial): C:/Program Files/JetBrains/IntelliJ IDEA 2019.2.3/plugins/git4idea/lib/git4idea-rt.jar;C:/Program Files/JetBrains/IntelliJ IDEA 2019.2.3/lib/xmlrpc-2.0.1.jar;C:/Program Files/JetBrains/IntelliJ IDEA 2019.2.3/lib/commons-codec-1.13.jar;C:/Program Files/JetBrains/IntelliJ IDEA 2019.2.3/lib/util.jar
Launcher Type: SUN_STANDARD

[Global flags]
     intx CICompilerCount                          = 4                                         {product} {ergonomic}
     uint ConcGCThreads                            = 2                                         {product} {ergonomic}
     uint G1ConcRefinementThreads                  = 8                                         {product} {ergonomic}
   size_t G1HeapRegionSize                         = 1048576                                   {product} {ergonomic}
    uintx GCDrainStackTargetSize                   = 64                                        {product} {ergonomic}
   size_t InitialHeapSize                          = 268435456                                 {product} {ergonomic}
   size_t MarkStackSize                            = 4194304                                   {product} {ergonomic}
   size_t MaxHeapSize                              = 4263510016                                {product} {ergonomic}
   size_t MinHeapDeltaBytes                        = 1048576                                   {product} {ergonomic}
    uintx NonNMethodCodeHeapSize                   = 5835340                                {pd product} {ergonomic}
    uintx NonProfiledCodeHeapSize                  = 122911450                              {pd product} {ergonomic}
    uintx ProfiledCodeHeapSize                     = 122911450                              {pd product} {ergonomic}
    uintx ReservedCodeCacheSize                    = 251658240                              {pd product} {ergonomic}
     bool SegmentedCodeCache                       = true                                      {product} {ergonomic}
     bool UseCompressedClassPointers               = true                                 {lp64_product} {ergonomic}
     bool UseCompressedOops                        = true                                 {lp64_product} {ergonomic}
     bool UseG1GC                                  = true                                      {product} {ergonomic}
     bool UseLargePagesIndividualAllocation        = false                                  {pd product} {ergonomic}

Logging:
Log output configuration:
 #0: stdout all=warning uptime,level,tags
 #1: stderr all=off uptime,level,tags

Environment Variables:
JAVA_HOME=C:\Program Files\java\jdk-14
PATH=C:\Program Files\Git\mingw64\libexec\git-core;C:\Program Files\Git\mingw64\libexec\git-core;C:\Program Files\Git\mingw64\bin;C:\Program Files\Git\usr\bin;C:\Users\sanab\bin;C:\Python27;C:\Python27\Scripts;C:\Program Files (x86)\Common Files\Oracle\Java\javapath;C:\Windows\system32;C:\Windows;C:\Windows\System32\Wbem;C:\Windows\System32\WindowsPowerShell\v1.0;C:\Windows\System32\OpenSSH;C:\wslWrappers;C:\Program Files\Git\cmd;C:\Program Files\TortoiseGit\bin;C:\Program Files\nodejs;C:\ProgramData\chocolatey\bin;C:\Program Files\Intel\WiFi\bin;C:\Program Files\Common Files\Intel\WirelessCommon;C:\Program Files (x86)\Intel\Intel(R) Management Engine Components\DAL;C:\Program Files\Intel\Intel(R) Management Engine Components\DAL;C:\Program Files\MySQL\MySQL Server 8.0\bin;C:\RailsInstaller\Git\cmd;C:\RailsInstaller\Ruby2.3.3\bin;C:\Users\sanab\AppData\Local\Programs\Python\Python38-32\Scripts;C:\Users\sanab\AppData\Local\Programs\Python\Python38-32;C:\Program Files\MySQL\MySQL Shell 8.0\bin;C:\Users\sanab\AppData\Local\GitHubDesktop\bin;C:\Program Files\JetBrains\IntelliJ IDEA 2019.2.3\bin;C:\Users\sanab\AppData\Local\Programs\Microsoft VS Code\bin;C:\Users\sanab\AppData\Roaming\Microsoft\Windows\Start Menu\Programs\Python 3.8\Scripts;C:\Users\sanab\AppData\Roaming\npm
USERNAME=sanab
DISPLAY=:0.0
OS=Windows_NT
PROCESSOR_IDENTIFIER=Intel64 Family 6 Model 142 Stepping 10, GenuineIntel



---------------  S Y S T E M  ---------------

OS: Windows 10 , 64 bit Build 17763 (10.0.17763.475)

CPU:total 8 (initial active 8) (4 cores per cpu, 2 threads per core) family 6 model 142 stepping 10, cmov, cx8, fxsr, mmx, sse, sse2, sse3, ssse3, sse4.1, sse4.2, popcnt, avx, avx2, aes, clmul, erms, rtm, 3dnowpref, lzcnt, ht, tsc, tscinvbit, bmi1, bmi2, adx, fma

Memory: 4k page, system-wide physical 16263M (5460M free)
TotalPageFile size 17255M (AvailPageFile size 197M)
current process WorkingSet (physical memory assigned to process): 10M, peak: 10M
current process commit charge ("private bytes"): 60M, peak: 316M

vm_info: OpenJDK 64-Bit Server VM (11.0.4+10-b304.77) for windows-amd64 JRE (11.0.4+10-b304.77), built on Oct 10 2019 15:02:36 by "" with MS VC++ 14.0 (VS2015)

END.
